<?xml version="1.0" encoding="UTF-8"?>
<!-- Generated by org.testng.reporters.JUnitXMLReporter -->
<testsuite hostname="HOMEPC" ignored="1" name="Default test(failed)" tests="1" failures="1" timestamp="2020-03-13T12:52:47 IST" time="0.202" errors="0">
  <testcase name="tCase4" time="0.016" classname="testing.TC_002">
    <failure type="java.lang.ArithmeticException" message="Please input value more than 10">
      <![CDATA[java.lang.ArithmeticException: Please input value more than 10
at testing.TC_002.tCase4(TC_002.java:13)
at java.util.ArrayList.forEach(Unknown Source)
... Removed 27 stack frames]]>
    </failure>
  </testcase> <!-- tCase4 -->
  <testcase name="tCase5" time="0.0" classname="testing.TC_002">
    <ignored/>
  </testcase> <!-- tCase5 -->
</testsuite> <!-- Default test(failed) -->
