<?xml version="1.0" encoding="UTF-8"?>
<!-- Generated by org.testng.reporters.JUnitXMLReporter -->
<testsuite hostname="HOMEPC" ignored="8" name="Default test" tests="5" failures="0" timestamp="2020-03-13T20:33:25 IST" time="0.117" errors="0">
  <testcase name="tCase4" time="0.017" classname="testing.TC_002"/>
  <testcase name="tCase5" time="0.002" classname="testing.TC_002"/>
  <testcase name="tCase1" time="0.004" classname="testing.TC_001"/>
  <testcase name="tCase2" time="0.002" classname="testing.TC_001"/>
  <testcase name="tCase3" time="0.001" classname="testing.TC_001"/>
  <testcase name="@AfterTest aTest" time="0.0" classname="testing.BaseClass">
    <ignored/>
  </testcase> <!-- @AfterTest aTest -->
  <testcase name="@AfterTest aTest" time="0.0" classname="testing.BaseClass">
    <ignored/>
  </testcase> <!-- @AfterTest aTest -->
  <testcase name="@AfterSuite aSuite" time="0.0" classname="testing.BaseClass">
    <ignored/>
  </testcase> <!-- @AfterSuite aSuite -->
  <testcase name="@AfterSuite aSuite" time="0.0" classname="testing.BaseClass">
    <ignored/>
  </testcase> <!-- @AfterSuite aSuite -->
  <testcase name="@BeforeSuite bSuite" time="0.0" classname="testing.BaseClass">
    <ignored/>
  </testcase> <!-- @BeforeSuite bSuite -->
  <testcase name="@BeforeSuite bSuite" time="0.0" classname="testing.BaseClass">
    <ignored/>
  </testcase> <!-- @BeforeSuite bSuite -->
  <testcase name="@BeforeTest bTest" time="0.0" classname="testing.BaseClass">
    <ignored/>
  </testcase> <!-- @BeforeTest bTest -->
  <testcase name="@BeforeTest bTest" time="0.0" classname="testing.BaseClass">
    <ignored/>
  </testcase> <!-- @BeforeTest bTest -->
</testsuite> <!-- Default test -->
