<?xml version="1.0" encoding="UTF-8"?>
<!-- Generated by org.testng.reporters.JUnitXMLReporter -->
<testsuite hostname="HOMEPC" ignored="0" name="Test" tests="5" failures="0" timestamp="2020-03-12T21:08:02 IST" time="0.121" errors="0">
  <testcase name="tCase1" time="0.017" classname="testing.TC_001"/>
  <testcase name="tCase3" time="0.002" classname="testing.TC_001"/>
  <testcase name="tCase2" time="0.004" classname="testing.TC_001"/>
  <testcase name="tCase4" time="0.003" classname="testing.TC_002"/>
  <testcase name="tCase5" time="0.006" classname="testing.TC_002"/>
</testsuite> <!-- Test -->
