<?xml version="1.0" encoding="UTF-8"?>
<!-- Generated by org.testng.reporters.JUnitXMLReporter -->
<testsuite hostname="HOMEPC" ignored="0" name="Test1" tests="5" failures="0" timestamp="2020-11-29T12:16:05 IST" time="0.141" errors="0">
  <testcase name="tm8" time="0.015" classname="testing.abcd.santest123.Class8"/>
  <testcase name="tm7" time="0.016" classname="testing.pkg6testab12.Class7"/>
  <testcase name="tm6" time="0.0" classname="testing.tes.Class6"/>
  <testcase name="tm3" time="0.0" classname="testing.testing123.Class3"/>
  <testcase name="tm4" time="0.0" classname="testing.testing123.pkg4.Class4"/>
</testsuite> <!-- Test1 -->
