<?xml version="1.0" encoding="UTF-8"?>
<testng-results skipped="0" failed="0" ignored="0" total="5" passed="5">
  <reporter-output>
  </reporter-output>
  <suite name="Suite" duration-ms="141" started-at="2020-11-29T12:16:05 IST" finished-at="2020-11-29T12:16:05 IST">
    <groups>
    </groups>
    <test name="Test1" duration-ms="141" started-at="2020-11-29T12:16:05 IST" finished-at="2020-11-29T12:16:05 IST">
      <class name="testing.tes.Class6">
        <test-method status="PASS" signature="tm6()[pri:0, instance:testing.tes.Class6@1af0466]" name="tm6" duration-ms="0" started-at="2020-11-29T12:16:05 IST" finished-at="2020-11-29T12:16:05 IST">
          <reporter-output>
          </reporter-output>
        </test-method> <!-- tm6 -->
      </class> <!-- testing.tes.Class6 -->
      <class name="testing.pkg6testab12.Class7">
        <test-method status="PASS" signature="tm7()[pri:0, instance:testing.pkg6testab12.Class7@1f095f8]" name="tm7" duration-ms="16" started-at="2020-11-29T12:16:05 IST" finished-at="2020-11-29T12:16:05 IST">
          <reporter-output>
          </reporter-output>
        </test-method> <!-- tm7 -->
      </class> <!-- testing.pkg6testab12.Class7 -->
      <class name="testing.testing123.Class3">
        <test-method status="PASS" signature="tm3()[pri:0, instance:testing.testing123.Class3@6ef8ad]" name="tm3" duration-ms="0" started-at="2020-11-29T12:16:05 IST" finished-at="2020-11-29T12:16:05 IST">
          <reporter-output>
          </reporter-output>
        </test-method> <!-- tm3 -->
      </class> <!-- testing.testing123.Class3 -->
      <class name="testing.testing123.pkg4.Class4">
        <test-method status="PASS" signature="tm4()[pri:0, instance:testing.testing123.pkg4.Class4@6d61be]" name="tm4" duration-ms="0" started-at="2020-11-29T12:16:05 IST" finished-at="2020-11-29T12:16:05 IST">
          <reporter-output>
          </reporter-output>
        </test-method> <!-- tm4 -->
      </class> <!-- testing.testing123.pkg4.Class4 -->
      <class name="testing.abcd.santest123.Class8">
        <test-method status="PASS" signature="tm8()[pri:0, instance:testing.abcd.santest123.Class8@f7cfd9]" name="tm8" duration-ms="15" started-at="2020-11-29T12:16:05 IST" finished-at="2020-11-29T12:16:05 IST">
          <reporter-output>
          </reporter-output>
        </test-method> <!-- tm8 -->
      </class> <!-- testing.abcd.santest123.Class8 -->
    </test> <!-- Test1 -->
  </suite> <!-- Suite -->
</testng-results>
