<?xml version="1.0" encoding="UTF-8"?>
<testng-results skipped="0" failed="0" ignored="5" total="11" passed="6">
  <reporter-output>
  </reporter-output>
  <suite name="Suite" duration-ms="189" started-at="2020-06-16T21:21:52 IST" finished-at="2020-06-16T21:21:52 IST">
    <groups>
      <group name="P1">
        <method signature="TC_001.tCase1()[pri:0, instance:testing.TC_001@feb982]" name="tCase1" class="testing.TC_001"/>
        <method signature="TC_001.tCase2()[pri:0, instance:testing.TC_001@feb982]" name="tCase2" class="testing.TC_001"/>
        <method signature="TC_002.tCase4()[pri:0, instance:testing.TC_002@765367]" name="tCase4" class="testing.TC_002"/>
        <method signature="TC_002.tCase5()[pri:0, instance:testing.TC_002@765367]" name="tCase5" class="testing.TC_002"/>
        <method signature="TC_002.verifyData(java.lang.String, java.lang.String, int)[pri:0, instance:testing.TC_002@765367]" name="verifyData" class="testing.TC_002"/>
      </group> <!-- P1 -->
      <group name="P2">
        <method signature="TC_002.tCase5()[pri:0, instance:testing.TC_002@765367]" name="tCase5" class="testing.TC_002"/>
      </group> <!-- P2 -->
    </groups>
    <test name="Test1" duration-ms="189" started-at="2020-06-16T21:21:52 IST" finished-at="2020-06-16T21:21:52 IST">
      <class name="testing.TC_002">
        <test-method status="PASS" signature="bClass()[pri:0, instance:testing.TC_002@765367]" name="bClass" is-config="true" duration-ms="0" started-at="2020-06-16T21:21:52 IST" finished-at="2020-06-16T21:21:52 IST">
          <reporter-output>
          </reporter-output>
        </test-method> <!-- bClass -->
        <test-method status="PASS" signature="bmeth()[pri:0, instance:testing.TC_002@765367]" name="bmeth" is-config="true" duration-ms="0" started-at="2020-06-16T21:21:52 IST" finished-at="2020-06-16T21:21:52 IST">
          <reporter-output>
          </reporter-output>
        </test-method> <!-- bmeth -->
        <test-method status="PASS" signature="tCase4()[pri:0, instance:testing.TC_002@765367]" name="tCase4" duration-ms="20" started-at="2020-06-16T21:21:52 IST" finished-at="2020-06-16T21:21:52 IST">
          <reporter-output>
          </reporter-output>
        </test-method> <!-- tCase4 -->
        <test-method status="PASS" signature="tCase5()[pri:0, instance:testing.TC_002@765367]" name="tCase5" duration-ms="0" started-at="2020-06-16T21:21:52 IST" finished-at="2020-06-16T21:21:52 IST">
          <reporter-output>
          </reporter-output>
        </test-method> <!-- tCase5 -->
        <test-method status="PASS" signature="ameth()[pri:0, instance:testing.TC_002@765367]" name="ameth" is-config="true" duration-ms="0" started-at="2020-06-16T21:21:52 IST" finished-at="2020-06-16T21:21:52 IST">
          <reporter-output>
          </reporter-output>
        </test-method> <!-- ameth -->
        <test-method status="PASS" signature="bmeth()[pri:0, instance:testing.TC_002@765367]" name="bmeth" is-config="true" duration-ms="0" started-at="2020-06-16T21:21:52 IST" finished-at="2020-06-16T21:21:52 IST">
          <reporter-output>
          </reporter-output>
        </test-method> <!-- bmeth -->
        <test-method status="PASS" signature="ameth()[pri:0, instance:testing.TC_002@765367]" name="ameth" is-config="true" duration-ms="0" started-at="2020-06-16T21:21:52 IST" finished-at="2020-06-16T21:21:52 IST">
          <reporter-output>
          </reporter-output>
        </test-method> <!-- ameth -->
        <test-method status="PASS" signature="bmeth()[pri:0, instance:testing.TC_002@765367]" name="bmeth" is-config="true" duration-ms="0" started-at="2020-06-16T21:21:52 IST" finished-at="2020-06-16T21:21:52 IST">
          <reporter-output>
          </reporter-output>
        </test-method> <!-- bmeth -->
        <test-method status="PASS" signature="verifyData(java.lang.String, java.lang.String, int)[pri:0, instance:testing.TC_002@765367]" name="verifyData" duration-ms="0" started-at="2020-06-16T21:21:52 IST" data-provider="testdata" finished-at="2020-06-16T21:21:52 IST">
          <params>
            <param index="0">
              <value>
                <![CDATA[username1]]>
              </value>
            </param>
            <param index="1">
              <value>
                <![CDATA[password1]]>
              </value>
            </param>
            <param index="2">
              <value>
                <![CDATA[12]]>
              </value>
            </param>
          </params>
          <reporter-output>
          </reporter-output>
        </test-method> <!-- verifyData -->
        <test-method status="PASS" signature="ameth()[pri:0, instance:testing.TC_002@765367]" name="ameth" is-config="true" duration-ms="0" started-at="2020-06-16T21:21:52 IST" finished-at="2020-06-16T21:21:52 IST">
          <reporter-output>
          </reporter-output>
        </test-method> <!-- ameth -->
        <test-method status="PASS" signature="bmeth()[pri:0, instance:testing.TC_002@765367]" name="bmeth" is-config="true" duration-ms="10" started-at="2020-06-16T21:21:52 IST" finished-at="2020-06-16T21:21:52 IST">
          <reporter-output>
          </reporter-output>
        </test-method> <!-- bmeth -->
        <test-method status="PASS" signature="verifyData(java.lang.String, java.lang.String, int)[pri:0, instance:testing.TC_002@765367]" name="verifyData" duration-ms="1" started-at="2020-06-16T21:21:52 IST" data-provider="testdata" finished-at="2020-06-16T21:21:52 IST">
          <params>
            <param index="0">
              <value>
                <![CDATA[username2]]>
              </value>
            </param>
            <param index="1">
              <value>
                <![CDATA[password2]]>
              </value>
            </param>
            <param index="2">
              <value>
                <![CDATA[23]]>
              </value>
            </param>
          </params>
          <reporter-output>
          </reporter-output>
        </test-method> <!-- verifyData -->
        <test-method status="PASS" signature="ameth()[pri:0, instance:testing.TC_002@765367]" name="ameth" is-config="true" duration-ms="1" started-at="2020-06-16T21:21:52 IST" finished-at="2020-06-16T21:21:52 IST">
          <reporter-output>
          </reporter-output>
        </test-method> <!-- ameth -->
        <test-method status="PASS" signature="aClass()[pri:0, instance:testing.TC_002@765367]" name="aClass" is-config="true" duration-ms="0" started-at="2020-06-16T21:21:52 IST" finished-at="2020-06-16T21:21:52 IST">
          <reporter-output>
          </reporter-output>
        </test-method> <!-- aClass -->
      </class> <!-- testing.TC_002 -->
      <class name="testing.TC_001">
        <test-method status="PASS" signature="bSuite()[pri:0, instance:testing.TC_001@feb982]" name="bSuite" is-config="true" duration-ms="20" started-at="2020-06-16T21:21:52 IST" finished-at="2020-06-16T21:21:52 IST">
          <reporter-output>
          </reporter-output>
        </test-method> <!-- bSuite -->
        <test-method status="PASS" signature="bTest()[pri:0, instance:testing.TC_001@feb982]" name="bTest" is-config="true" duration-ms="0" started-at="2020-06-16T21:21:52 IST" finished-at="2020-06-16T21:21:52 IST">
          <reporter-output>
          </reporter-output>
        </test-method> <!-- bTest -->
        <test-method status="PASS" signature="bClass()[pri:0, instance:testing.TC_001@feb982]" name="bClass" is-config="true" duration-ms="0" started-at="2020-06-16T21:21:52 IST" finished-at="2020-06-16T21:21:52 IST">
          <reporter-output>
          </reporter-output>
        </test-method> <!-- bClass -->
        <test-method status="PASS" signature="bmeth()[pri:0, instance:testing.TC_001@feb982]" name="bmeth" is-config="true" duration-ms="0" started-at="2020-06-16T21:21:52 IST" finished-at="2020-06-16T21:21:52 IST">
          <reporter-output>
          </reporter-output>
        </test-method> <!-- bmeth -->
        <test-method status="PASS" signature="tCase1()[pri:0, instance:testing.TC_001@feb982]" name="tCase1" duration-ms="0" started-at="2020-06-16T21:21:52 IST" finished-at="2020-06-16T21:21:52 IST">
          <reporter-output>
          </reporter-output>
        </test-method> <!-- tCase1 -->
        <test-method status="PASS" signature="ameth()[pri:0, instance:testing.TC_001@feb982]" name="ameth" is-config="true" duration-ms="0" started-at="2020-06-16T21:21:52 IST" finished-at="2020-06-16T21:21:52 IST">
          <reporter-output>
          </reporter-output>
        </test-method> <!-- ameth -->
        <test-method status="PASS" signature="tCase2()[pri:0, instance:testing.TC_001@feb982]" name="tCase2" duration-ms="10" started-at="2020-06-16T21:21:52 IST" finished-at="2020-06-16T21:21:52 IST">
          <reporter-output>
          </reporter-output>
        </test-method> <!-- tCase2 -->
        <test-method status="PASS" signature="bmeth()[pri:0, instance:testing.TC_001@feb982]" name="bmeth" is-config="true" duration-ms="0" started-at="2020-06-16T21:21:52 IST" finished-at="2020-06-16T21:21:52 IST">
          <reporter-output>
          </reporter-output>
        </test-method> <!-- bmeth -->
        <test-method status="PASS" signature="aClass()[pri:0, instance:testing.TC_001@feb982]" name="aClass" is-config="true" duration-ms="10" started-at="2020-06-16T21:21:52 IST" finished-at="2020-06-16T21:21:52 IST">
          <reporter-output>
          </reporter-output>
        </test-method> <!-- aClass -->
        <test-method status="PASS" signature="ameth()[pri:0, instance:testing.TC_001@feb982]" name="ameth" is-config="true" duration-ms="0" started-at="2020-06-16T21:21:52 IST" finished-at="2020-06-16T21:21:52 IST">
          <reporter-output>
          </reporter-output>
        </test-method> <!-- ameth -->
        <test-method status="PASS" signature="aTest()[pri:0, instance:testing.TC_001@feb982]" name="aTest" is-config="true" duration-ms="1" started-at="2020-06-16T21:21:52 IST" finished-at="2020-06-16T21:21:52 IST">
          <reporter-output>
          </reporter-output>
        </test-method> <!-- aTest -->
        <test-method status="PASS" signature="aSuite()[pri:0, instance:testing.TC_001@feb982]" name="aSuite" is-config="true" duration-ms="0" started-at="2020-06-16T21:21:52 IST" finished-at="2020-06-16T21:21:52 IST">
          <reporter-output>
          </reporter-output>
        </test-method> <!-- aSuite -->
      </class> <!-- testing.TC_001 -->
    </test> <!-- Test1 -->
  </suite> <!-- Suite -->
</testng-results>
